2025-10-08 23:37:05,828 ERROR: Failed to load ML model/vectorizer: [Errno 2] No such file or directory: 'C:\\Users\\Prince\\CounterScam\\Backend\\phishing_model.pkl'
2025-10-08 23:38:41,113 ERROR: Failed to load ML model/vectorizer: No module named 'sklearn'
2025-10-08 23:43:36,797 INFO: ML model and vectorizer loaded successfully.
2025-11-02 11:13:40,376 INFO: ML model and vectorizer loaded successfully.
2025-11-18 18:31:15,315 INFO: ML model and vectorizer loaded successfully.
2025-11-18 19:34:14,763 INFO: ML model and vectorizer loaded successfully.
2025-11-18 20:11:49,345 INFO: ML model and vectorizer loaded successfully.
2025-11-18 20:19:34,813 INFO: Received URL check request: Your account has been locked! Click here to verify your identity: http://secure-login-paypal.com
2025-11-18 21:16:06,424 INFO: Received URL check request: Your account has been locked! Click here to verify your identity: http://secure-login-paypal.com
2025-11-18 21:16:55,476 INFO: Received URL check request: Your account has been locked! Click here to verify your identity: http://secure-login-paypal.com
2025-11-19 10:37:33,220 INFO: ML model and vectorizer loaded successfully.
2025-11-19 10:49:48,607 INFO: Received URL check request: Your account has been locked! Click here to verify your identity: http://secure-login-paypal.com
2025-11-19 10:56:45,193 INFO: Received URL check request: Your account has been locked! Click here to verify your identity: http://secure-login-paypal.com
2025-11-19 11:32:43,718 INFO: Received URL check request: Your account has been locked! Click here to verify your identity: http://secure-login-paypal.com
2026-02-03 14:09:39,174 INFO: ML model and vectorizer loaded successfully.
2026-02-03 15:15:35,193 INFO: ML model and vectorizer loaded successfully.
2026-02-03 15:26:16,504 INFO: ML model and vectorizer loaded successfully.
2026-02-03 17:26:29,096 INFO: ML model and vectorizer loaded successfully.
2026-02-03 20:11:05,707 INFO: ML model and vectorizer loaded successfully.
2026-02-04 11:08:11,639 INFO: ML model and vectorizer loaded successfully.
2026-02-04 11:58:02,906 INFO: Received URL check request: http://secure-login-paypal.com
2026-02-04 11:59:18,150 INFO: Received URL check request: http://apple-id-verification.net/login
2026-02-04 12:00:54,875 INFO: Received message check request.
2026-02-04 12:02:00,511 INFO: Received message check request.
2026-02-04 12:03:49,048 INFO: Received URL check request: https://www.paypal.com/signin
2026-02-04 12:24:07,436 INFO: Received URL check request: Your OTP is 348921. Do not share it with anyone.
2026-02-05 18:14:48,387 INFO: ML model and vectorizer loaded successfully.
2026-02-05 21:12:23,872 INFO: ML model and vectorizer loaded successfully.
2026-02-06 12:55:56,089 INFO: ML model and vectorizer loaded successfully.
2026-02-06 13:38:50,551 INFO: ML model and vectorizer loaded successfully.
2026-02-06 13:39:07,404 INFO: ML model and vectorizer loaded successfully.
2026-02-06 14:25:16,270 INFO: ML model and vectorizer loaded successfully.
2026-02-06 15:09:55,287 INFO: ML model and vectorizer loaded successfully.
2026-02-06 15:11:18,515 INFO: ML model and vectorizer loaded successfully.
2026-02-06 15:11:57,675 ERROR: Database error: cannot access local variable 'domain' where it is not associated with a value
2026-02-06 15:12:32,107 INFO: ML model and vectorizer loaded successfully.
2026-02-06 15:12:57,508 ERROR: Database error: cannot access local variable 'domain' where it is not associated with a value
2026-02-06 15:13:41,900 INFO: ML model and vectorizer loaded successfully.
2026-02-06 15:13:57,780 INFO: ML model and vectorizer loaded successfully.
2026-02-06 15:17:45,172 INFO: ML model and vectorizer loaded successfully.
2026-02-06 15:18:12,357 INFO: ML model and vectorizer loaded successfully.
2026-02-06 15:18:31,156 ERROR: Database error: cannot access local variable 'domain' where it is not associated with a value
2026-02-06 15:19:55,596 INFO: ML model and vectorizer loaded successfully.
2026-02-06 15:20:11,368 INFO: ML model and vectorizer loaded successfully.
2026-02-06 15:20:25,140 INFO: ML model and vectorizer loaded successfully.
2026-02-06 20:06:06,247 INFO: ML model and vectorizer loaded successfully.
2026-02-07 11:16:22,568 INFO: ML model and vectorizer loaded successfully.
2026-02-07 11:23:30,038 INFO: ML model and vectorizer loaded successfully.
2026-02-07 13:11:52,857 INFO: ML model and vectorizer loaded successfully.
2026-02-07 20:35:31,862 INFO: ML model and vectorizer loaded successfully.
2026-02-07 20:40:48,466 INFO: ML model and vectorizer loaded successfully.
2026-02-07 21:00:19,247 INFO: Received message check request.
2026-02-07 21:00:50,331 INFO: Received message check request.
2026-02-07 21:02:47,597 INFO: Received message check request.
2026-02-08 18:33:24,273 INFO: ML model and vectorizer loaded successfully.
2026-02-08 18:35:31,476 INFO: ML model and vectorizer loaded successfully.
2026-02-08 19:08:07,105 ERROR: Database error: name 'BLACKLIST_DOMAINS' is not defined
2026-02-08 19:29:29,688 INFO: ML model and vectorizer loaded successfully.
2026-02-08 19:55:40,136 ERROR: Database error: name 'BLACKLIST_DOMAINS' is not defined
2026-02-09 20:03:22,253 INFO: ML model and vectorizer loaded successfully.
2026-02-10 21:00:18,125 INFO: ML model and vectorizer loaded successfully.
2026-02-11 14:04:38,182 INFO: ML model and vectorizer loaded successfully.
2026-02-11 15:04:10,789 INFO: ML model and vectorizer loaded successfully.
2026-02-11 15:07:12,387 INFO: ML model and vectorizer loaded successfully.
2026-02-11 15:08:02,892 INFO: ML model and vectorizer loaded successfully.
2026-02-11 15:57:08,846 INFO: ML model and vectorizer loaded successfully.
2026-02-11 16:40:07,548 INFO: ML model and vectorizer loaded successfully.
2026-02-12 10:24:27,153 INFO: ML model and vectorizer loaded successfully.
2026-02-12 10:57:27,106 INFO: ML model and vectorizer loaded successfully.
2026-02-12 11:04:54,659 INFO: ML model and vectorizer loaded successfully.
2026-02-12 12:05:21,103 INFO: ML model and vectorizer loaded successfully.
2026-02-12 12:13:03,487 INFO: Received message check request.
2026-02-12 12:14:05,284 INFO: Received message check request.
2026-02-12 12:15:46,882 INFO: Received message check request.
2026-02-12 12:31:07,145 INFO: ML model and vectorizer loaded successfully.
2026-02-14 08:45:46,140 INFO: ML model and vectorizer loaded successfully.
2026-02-14 09:40:32,248 INFO: ML model and vectorizer loaded successfully.
2026-02-14 14:58:32,734 INFO: ML model and vectorizer loaded successfully.
2026-02-15 09:19:03,166 INFO: ML model and vectorizer loaded successfully.
2026-02-15 09:56:47,576 INFO: ML model and vectorizer loaded successfully.
2026-02-16 21:53:13,278 INFO: ML model and vectorizer loaded successfully.
2026-02-17 07:38:14,420 INFO: ML model and vectorizer loaded successfully.
2026-02-17 08:53:15,029 INFO: ML model and vectorizer loaded successfully.
2026-02-17 09:36:00,653 INFO: ML model and vectorizer loaded successfully.
2026-02-17 09:45:32,649 INFO: ML model and vectorizer loaded successfully.
2026-02-17 14:17:46,254 INFO: ML model and vectorizer loaded successfully.
2026-02-18 08:06:43,152 INFO: ML model and vectorizer loaded successfully.
2026-02-18 09:48:33,287 INFO: ML model and vectorizer loaded successfully.
2026-02-18 12:35:52,433 ERROR: Database error: 'Query' object has no attribute 'cunt'
2026-02-18 12:55:51,019 INFO: ML model and vectorizer loaded successfully.
2026-02-18 13:12:55,241 INFO: ML model and vectorizer loaded successfully.
2026-02-18 17:02:16,111 INFO: ML model and vectorizer loaded successfully.
2026-02-18 19:27:48,571 INFO: ML model and vectorizer loaded successfully.
2026-02-18 20:41:40,757 ERROR: Database error: 'Query' object has no attribute 'fliter'
2026-02-18 20:42:34,921 ERROR: Database error: 'Query' object has no attribute 'fliter'
2026-02-18 20:43:28,053 ERROR: Database error: 'Query' object has no attribute 'fliter'
2026-02-18 20:59:16,967 ERROR: Database error: 'Query' object has no attribute 'fliter'
2026-02-18 21:00:23,666 ERROR: Database error: 'Query' object has no attribute 'fliter'
2026-02-19 14:05:22,304 INFO: ML model and vectorizer loaded successfully.
2026-02-19 14:11:42,089 ERROR: Database error: 401: Invalid authentication credentials
2026-02-19 15:23:13,369 INFO: ML model and vectorizer loaded successfully.
2026-02-19 15:59:35,839 INFO: ML model and vectorizer loaded successfully.
2026-02-19 16:06:01,768 ERROR: Error in /admin/analytics: type object 'URLCheck' has no attribute 'created_at'
2026-02-19 16:06:02,035 ERROR: Database error: 500: Failed to fetch analytics.
2026-02-19 20:24:43,202 INFO: ML model and vectorizer loaded successfully.
2026-02-19 20:34:07,779 INFO: ML model and vectorizer loaded successfully.
2026-02-20 17:47:45,574 INFO: ML model and vectorizer loaded successfully.
2026-02-22 14:14:49,789 INFO: ML model and vectorizer loaded successfully.
2026-02-22 14:14:49,947 INFO: Database initialized (tables ensured).
2026-02-22 15:44:36,095 INFO: ML model and vectorizer loaded successfully.
2026-02-22 15:44:47,302 INFO: Database initialized (tables ensured).
2026-02-22 16:28:16,078 INFO: ML model and vectorizer loaded successfully.
2026-02-22 16:28:16,563 INFO: Database initialized (tables ensured).
2026-02-22 16:50:30,782 ERROR: Database error: 401: Invalid authentication credentials
2026-02-22 16:56:51,914 ERROR: Database error: 401: Invalid authentication credentials
2026-02-22 16:59:34,734 ERROR: Database error: 401: Invalid authentication credentials
2026-02-22 17:52:14,906 INFO: ML model and vectorizer loaded successfully.
2026-02-22 17:52:15,497 INFO: Database initialized (tables ensured).
2026-02-22 19:37:22,869 ERROR: Database error: 401: Invalid authentication credentials
2026-02-22 19:37:26,391 ERROR: Database error: 401: Invalid authentication credentials
2026-02-22 19:37:51,887 ERROR: Database error: 401: Invalid authentication credentials
2026-02-22 20:49:09,868 INFO: ML model and vectorizer loaded successfully.
2026-02-22 20:49:10,157 INFO: Database initialized (tables ensured).
2026-02-22 23:37:47,440 INFO: ML model and vectorizer loaded successfully.
2026-02-22 23:37:47,948 INFO: Database initialized (tables ensured).
2026-02-23 08:29:01,956 INFO: ML model and vectorizer loaded successfully.
2026-02-23 08:29:02,348 INFO: Database initialized (tables ensured).
2026-02-23 13:48:47,680 INFO: ML model and vectorizer loaded successfully.
2026-02-23 13:48:48,817 INFO: Database initialized (tables ensured).
